
REQUEST
======
Timestamp: Wednesday, 05-Jan-22 20:45:10 WAT
======
RemoteIP: 127.0.0.1:54680
======
UUID: 
======
GET / HTTP/1.1
Accept: text/html,application/xhtml+xml,application/xml;q=0.9,image/avif,image/webp,image/apng,*/*;q=0.8,application/signed-exchange;v=b3;q=0.9
Accept-Encoding: gzip, deflate, br
Accept-Language: en-GB,en-US;q=0.9,en;q=0.8
Cache-Control: max-age=0
Connection: keep-alive
Sec-Ch-Ua: " Not A;Brand";v="99", "Chromium";v="96", "Google Chrome";v="96"
Sec-Ch-Ua-Mobile: ?0
Sec-Ch-Ua-Platform: "Linux"
Sec-Fetch-Dest: document
Sec-Fetch-Mode: navigate
Sec-Fetch-Site: none
Sec-Fetch-User: ?1
Upgrade-Insecure-Requests: 1
User-Agent: Mozilla/5.0 (X11; Linux x86_64) AppleWebKit/537.36 (KHTML, like Gecko) Chrome/96.0.4664.45 Safari/537.36


======

REQUEST
======
Timestamp: Wednesday, 05-Jan-22 20:45:10 WAT
======
RemoteIP: 127.0.0.1:54680
======
UUID: 
======
GET /favicon.ico HTTP/1.1
Accept: image/avif,image/webp,image/apng,image/svg+xml,image/*,*/*;q=0.8
Accept-Encoding: gzip, deflate, br
Accept-Language: en-GB,en-US;q=0.9,en;q=0.8
Connection: keep-alive
Referer: https://microsoftonline.com/
Sec-Ch-Ua: " Not A;Brand";v="99", "Chromium";v="96", "Google Chrome";v="96"
Sec-Ch-Ua-Mobile: ?0
Sec-Ch-Ua-Platform: "Linux"
Sec-Fetch-Dest: image
Sec-Fetch-Mode: no-cors
Sec-Fetch-Site: same-origin
User-Agent: Mozilla/5.0 (X11; Linux x86_64) AppleWebKit/537.36 (KHTML, like Gecko) Chrome/96.0.4664.45 Safari/537.36


======

REQUEST
======
Timestamp: Wednesday, 05-Jan-22 20:45:29 WAT
======
RemoteIP: 127.0.0.1:54680
======
UUID: 
======
GET / HTTP/1.1
Accept: text/html,application/xhtml+xml,application/xml;q=0.9,image/avif,image/webp,image/apng,*/*;q=0.8,application/signed-exchange;v=b3;q=0.9
Accept-Encoding: gzip, deflate, br
Accept-Language: en-GB,en-US;q=0.9,en;q=0.8
Cache-Control: max-age=0
Connection: keep-alive
Sec-Ch-Ua: " Not A;Brand";v="99", "Chromium";v="96", "Google Chrome";v="96"
Sec-Ch-Ua-Mobile: ?0
Sec-Ch-Ua-Platform: "Linux"
Sec-Fetch-Dest: document
Sec-Fetch-Mode: navigate
Sec-Fetch-Site: none
Sec-Fetch-User: ?1
Upgrade-Insecure-Requests: 1
User-Agent: Mozilla/5.0 (X11; Linux x86_64) AppleWebKit/537.36 (KHTML, like Gecko) Chrome/96.0.4664.45 Safari/537.36


======

REQUEST
======
Timestamp: Wednesday, 05-Jan-22 20:45:29 WAT
======
RemoteIP: 127.0.0.1:54680
======
UUID: 
======
GET /favicon.ico HTTP/1.1
Accept: image/avif,image/webp,image/apng,image/svg+xml,image/*,*/*;q=0.8
Accept-Encoding: gzip, deflate, br
Accept-Language: en-GB,en-US;q=0.9,en;q=0.8
Connection: keep-alive
Referer: https://microsoftonline.com/
Sec-Ch-Ua: " Not A;Brand";v="99", "Chromium";v="96", "Google Chrome";v="96"
Sec-Ch-Ua-Mobile: ?0
Sec-Ch-Ua-Platform: "Linux"
Sec-Fetch-Dest: image
Sec-Fetch-Mode: no-cors
Sec-Fetch-Site: same-origin
User-Agent: Mozilla/5.0 (X11; Linux x86_64) AppleWebKit/537.36 (KHTML, like Gecko) Chrome/96.0.4664.45 Safari/537.36


======

REQUEST
======
Timestamp: Wednesday, 05-Jan-22 20:45:33 WAT
======
RemoteIP: 127.0.0.1:54680
======
UUID: 
======
GET / HTTP/1.1
Accept: text/html,application/xhtml+xml,application/xml;q=0.9,image/avif,image/webp,image/apng,*/*;q=0.8,application/signed-exchange;v=b3;q=0.9
Accept-Encoding: gzip, deflate, br
Accept-Language: en-GB,en-US;q=0.9,en;q=0.8
Cache-Control: max-age=0
Connection: keep-alive
Sec-Ch-Ua: " Not A;Brand";v="99", "Chromium";v="96", "Google Chrome";v="96"
Sec-Ch-Ua-Mobile: ?0
Sec-Ch-Ua-Platform: "Linux"
Sec-Fetch-Dest: document
Sec-Fetch-Mode: navigate
Sec-Fetch-Site: none
Sec-Fetch-User: ?1
Upgrade-Insecure-Requests: 1
User-Agent: Mozilla/5.0 (X11; Linux x86_64) AppleWebKit/537.36 (KHTML, like Gecko) Chrome/96.0.4664.45 Safari/537.36


======

REQUEST
======
Timestamp: Wednesday, 05-Jan-22 20:45:33 WAT
======
RemoteIP: 127.0.0.1:54680
======
UUID: 
======
GET /favicon.ico HTTP/1.1
Accept: image/avif,image/webp,image/apng,image/svg+xml,image/*,*/*;q=0.8
Accept-Encoding: gzip, deflate, br
Accept-Language: en-GB,en-US;q=0.9,en;q=0.8
Connection: keep-alive
Referer: https://microsoftonline.com/
Sec-Ch-Ua: " Not A;Brand";v="99", "Chromium";v="96", "Google Chrome";v="96"
Sec-Ch-Ua-Mobile: ?0
Sec-Ch-Ua-Platform: "Linux"
Sec-Fetch-Dest: image
Sec-Fetch-Mode: no-cors
Sec-Fetch-Site: same-origin
User-Agent: Mozilla/5.0 (X11; Linux x86_64) AppleWebKit/537.36 (KHTML, like Gecko) Chrome/96.0.4664.45 Safari/537.36


======

REQUEST
======
Timestamp: Wednesday, 05-Jan-22 20:46:59 WAT
======
RemoteIP: 127.0.0.1:54680
======
UUID: 
======
GET / HTTP/1.1
Accept: text/html,application/xhtml+xml,application/xml;q=0.9,image/avif,image/webp,image/apng,*/*;q=0.8,application/signed-exchange;v=b3;q=0.9
Accept-Encoding: gzip, deflate, br
Accept-Language: en-GB,en-US;q=0.9,en;q=0.8
Cache-Control: max-age=0
Connection: keep-alive
Sec-Ch-Ua: " Not A;Brand";v="99", "Chromium";v="96", "Google Chrome";v="96"
Sec-Ch-Ua-Mobile: ?0
Sec-Ch-Ua-Platform: "Linux"
Sec-Fetch-Dest: document
Sec-Fetch-Mode: navigate
Sec-Fetch-Site: none
Sec-Fetch-User: ?1
Upgrade-Insecure-Requests: 1
User-Agent: Mozilla/5.0 (X11; Linux x86_64) AppleWebKit/537.36 (KHTML, like Gecko) Chrome/96.0.4664.45 Safari/537.36


======

REQUEST
======
Timestamp: Wednesday, 05-Jan-22 20:46:59 WAT
======
RemoteIP: 127.0.0.1:54680
======
UUID: 
======
GET /favicon.ico HTTP/1.1
Accept: image/avif,image/webp,image/apng,image/svg+xml,image/*,*/*;q=0.8
Accept-Encoding: gzip, deflate, br
Accept-Language: en-GB,en-US;q=0.9,en;q=0.8
Connection: keep-alive
Referer: https://microsoftonline.com/
Sec-Ch-Ua: " Not A;Brand";v="99", "Chromium";v="96", "Google Chrome";v="96"
Sec-Ch-Ua-Mobile: ?0
Sec-Ch-Ua-Platform: "Linux"
Sec-Fetch-Dest: image
Sec-Fetch-Mode: no-cors
Sec-Fetch-Site: same-origin
User-Agent: Mozilla/5.0 (X11; Linux x86_64) AppleWebKit/537.36 (KHTML, like Gecko) Chrome/96.0.4664.45 Safari/537.36


======

REQUEST
======
Timestamp: Wednesday, 05-Jan-22 21:39:22 WAT
======
RemoteIP: 127.0.0.1:54742
======
UUID: 
======
GET / HTTP/1.1
Accept: text/html,application/xhtml+xml,application/xml;q=0.9,image/avif,image/webp,image/apng,*/*;q=0.8,application/signed-exchange;v=b3;q=0.9
Accept-Encoding: gzip, deflate, br
Accept-Language: en-GB,en-US;q=0.9,en;q=0.8
Cache-Control: max-age=0
Connection: keep-alive
Sec-Ch-Ua: " Not A;Brand";v="99", "Chromium";v="96", "Google Chrome";v="96"
Sec-Ch-Ua-Mobile: ?0
Sec-Ch-Ua-Platform: "Linux"
Sec-Fetch-Dest: document
Sec-Fetch-Mode: navigate
Sec-Fetch-Site: none
Sec-Fetch-User: ?1
Upgrade-Insecure-Requests: 1
User-Agent: Mozilla/5.0 (X11; Linux x86_64) AppleWebKit/537.36 (KHTML, like Gecko) Chrome/96.0.4664.45 Safari/537.36


======

REQUEST
======
Timestamp: Wednesday, 05-Jan-22 21:39:22 WAT
======
RemoteIP: 127.0.0.1:54742
======
UUID: 
======
GET /favicon.ico HTTP/1.1
Accept: image/avif,image/webp,image/apng,image/svg+xml,image/*,*/*;q=0.8
Accept-Encoding: gzip, deflate, br
Accept-Language: en-GB,en-US;q=0.9,en;q=0.8
Connection: keep-alive
Referer: https://microsoftonline.com/
Sec-Ch-Ua: " Not A;Brand";v="99", "Chromium";v="96", "Google Chrome";v="96"
Sec-Ch-Ua-Mobile: ?0
Sec-Ch-Ua-Platform: "Linux"
Sec-Fetch-Dest: image
Sec-Fetch-Mode: no-cors
Sec-Fetch-Site: same-origin
User-Agent: Mozilla/5.0 (X11; Linux x86_64) AppleWebKit/537.36 (KHTML, like Gecko) Chrome/96.0.4664.45 Safari/537.36


======

REQUEST
======
Timestamp: Wednesday, 05-Jan-22 21:39:28 WAT
======
RemoteIP: 127.0.0.1:48710
======
UUID: 
======
GET / HTTP/1.1
Accept: text/html,application/xhtml+xml,application/xml;q=0.9,image/avif,image/webp,image/apng,*/*;q=0.8,application/signed-exchange;v=b3;q=0.9
Accept-Encoding: gzip, deflate
Accept-Language: en-GB,en-US;q=0.9,en;q=0.8
Connection: keep-alive
Upgrade-Insecure-Requests: 1
User-Agent: Mozilla/5.0 (X11; Linux x86_64) AppleWebKit/537.36 (KHTML, like Gecko) Chrome/96.0.4664.45 Safari/537.36


======

REQUEST
======
Timestamp: Wednesday, 05-Jan-22 21:39:28 WAT
======
RemoteIP: 127.0.0.1:48710
======
UUID: 
======
GET /favicon.ico HTTP/1.1
Accept: image/avif,image/webp,image/apng,image/svg+xml,image/*,*/*;q=0.8
Accept-Encoding: gzip, deflate
Accept-Language: en-GB,en-US;q=0.9,en;q=0.8
Connection: keep-alive
Referer: http://microsoftonline.com/
User-Agent: Mozilla/5.0 (X11; Linux x86_64) AppleWebKit/537.36 (KHTML, like Gecko) Chrome/96.0.4664.45 Safari/537.36


======

REQUEST
======
Timestamp: Wednesday, 05-Jan-22 21:39:32 WAT
======
RemoteIP: 127.0.0.1:48710
======
UUID: 
======
GET / HTTP/1.1
Accept: text/html,application/xhtml+xml,application/xml;q=0.9,image/avif,image/webp,image/apng,*/*;q=0.8,application/signed-exchange;v=b3;q=0.9
Accept-Encoding: gzip, deflate
Accept-Language: en-GB,en-US;q=0.9,en;q=0.8
Cache-Control: max-age=0
Connection: keep-alive
Upgrade-Insecure-Requests: 1
User-Agent: Mozilla/5.0 (X11; Linux x86_64) AppleWebKit/537.36 (KHTML, like Gecko) Chrome/96.0.4664.45 Safari/537.36


======

REQUEST
======
Timestamp: Wednesday, 05-Jan-22 21:39:32 WAT
======
RemoteIP: 127.0.0.1:48710
======
UUID: 
======
GET /favicon.ico HTTP/1.1
Accept: image/avif,image/webp,image/apng,image/svg+xml,image/*,*/*;q=0.8
Accept-Encoding: gzip, deflate
Accept-Language: en-GB,en-US;q=0.9,en;q=0.8
Connection: keep-alive
Referer: http://microsoftonline.com/
User-Agent: Mozilla/5.0 (X11; Linux x86_64) AppleWebKit/537.36 (KHTML, like Gecko) Chrome/96.0.4664.45 Safari/537.36


======

REQUEST
======
Timestamp: Wednesday, 05-Jan-22 21:40:19 WAT
======
RemoteIP: 127.0.0.1:48710
======
UUID: 
======
GET / HTTP/1.1
Accept: text/html,application/xhtml+xml,application/xml;q=0.9,image/avif,image/webp,image/apng,*/*;q=0.8,application/signed-exchange;v=b3;q=0.9
Accept-Encoding: gzip, deflate
Accept-Language: en-GB,en-US;q=0.9,en;q=0.8
Cache-Control: max-age=0
Connection: keep-alive
Upgrade-Insecure-Requests: 1
User-Agent: Mozilla/5.0 (X11; Linux x86_64) AppleWebKit/537.36 (KHTML, like Gecko) Chrome/96.0.4664.45 Safari/537.36


======

REQUEST
======
Timestamp: Wednesday, 05-Jan-22 21:40:19 WAT
======
RemoteIP: 127.0.0.1:48710
======
UUID: 
======
GET /favicon.ico HTTP/1.1
Accept: image/avif,image/webp,image/apng,image/svg+xml,image/*,*/*;q=0.8
Accept-Encoding: gzip, deflate
Accept-Language: en-GB,en-US;q=0.9,en;q=0.8
Connection: keep-alive
Referer: http://microsoftonline.com/
User-Agent: Mozilla/5.0 (X11; Linux x86_64) AppleWebKit/537.36 (KHTML, like Gecko) Chrome/96.0.4664.45 Safari/537.36


======

REQUEST
======
Timestamp: Wednesday, 05-Jan-22 21:43:07 WAT
======
RemoteIP: 127.0.0.1:48710
======
UUID: 
======
GET / HTTP/1.1
Accept: text/html,application/xhtml+xml,application/xml;q=0.9,image/avif,image/webp,image/apng,*/*;q=0.8,application/signed-exchange;v=b3;q=0.9
Accept-Encoding: gzip, deflate
Accept-Language: en-GB,en-US;q=0.9,en;q=0.8
Cache-Control: max-age=0
Connection: keep-alive
Upgrade-Insecure-Requests: 1
User-Agent: Mozilla/5.0 (X11; Linux x86_64) AppleWebKit/537.36 (KHTML, like Gecko) Chrome/96.0.4664.45 Safari/537.36


======

REQUEST
======
Timestamp: Wednesday, 05-Jan-22 21:43:07 WAT
======
RemoteIP: 127.0.0.1:48710
======
UUID: 
======
GET /favicon.ico HTTP/1.1
Accept: image/avif,image/webp,image/apng,image/svg+xml,image/*,*/*;q=0.8
Accept-Encoding: gzip, deflate
Accept-Language: en-GB,en-US;q=0.9,en;q=0.8
Connection: keep-alive
Referer: http://microsoftonline.com/
User-Agent: Mozilla/5.0 (X11; Linux x86_64) AppleWebKit/537.36 (KHTML, like Gecko) Chrome/96.0.4664.45 Safari/537.36


======

REQUEST
======
Timestamp: Wednesday, 05-Jan-22 21:43:12 WAT
======
RemoteIP: 127.0.0.1:48710
======
UUID: 
======
GET / HTTP/1.1
Accept: text/html,application/xhtml+xml,application/xml;q=0.9,image/avif,image/webp,image/apng,*/*;q=0.8,application/signed-exchange;v=b3;q=0.9
Accept-Encoding: gzip, deflate
Accept-Language: en-GB,en-US;q=0.9,en;q=0.8
Cache-Control: max-age=0
Connection: keep-alive
Upgrade-Insecure-Requests: 1
User-Agent: Mozilla/5.0 (X11; Linux x86_64) AppleWebKit/537.36 (KHTML, like Gecko) Chrome/96.0.4664.45 Safari/537.36


======

REQUEST
======
Timestamp: Wednesday, 05-Jan-22 21:43:12 WAT
======
RemoteIP: 127.0.0.1:48710
======
UUID: 
======
GET /favicon.ico HTTP/1.1
Accept: image/avif,image/webp,image/apng,image/svg+xml,image/*,*/*;q=0.8
Accept-Encoding: gzip, deflate
Accept-Language: en-GB,en-US;q=0.9,en;q=0.8
Connection: keep-alive
Referer: http://microsoftonline.com/
User-Agent: Mozilla/5.0 (X11; Linux x86_64) AppleWebKit/537.36 (KHTML, like Gecko) Chrome/96.0.4664.45 Safari/537.36


======

REQUEST
======
Timestamp: Wednesday, 05-Jan-22 21:43:28 WAT
======
RemoteIP: 127.0.0.1:48710
======
UUID: 
======
GET / HTTP/1.1
Accept: text/html,application/xhtml+xml,application/xml;q=0.9,image/avif,image/webp,image/apng,*/*;q=0.8,application/signed-exchange;v=b3;q=0.9
Accept-Encoding: gzip, deflate
Accept-Language: en-GB,en-US;q=0.9,en;q=0.8
Cache-Control: max-age=0
Connection: keep-alive
Upgrade-Insecure-Requests: 1
User-Agent: Mozilla/5.0 (X11; Linux x86_64) AppleWebKit/537.36 (KHTML, like Gecko) Chrome/96.0.4664.45 Safari/537.36


======

REQUEST
======
Timestamp: Wednesday, 05-Jan-22 21:43:28 WAT
======
RemoteIP: 127.0.0.1:48710
======
UUID: 
======
GET /favicon.ico HTTP/1.1
Accept: image/avif,image/webp,image/apng,image/svg+xml,image/*,*/*;q=0.8
Accept-Encoding: gzip, deflate
Accept-Language: en-GB,en-US;q=0.9,en;q=0.8
Connection: keep-alive
Referer: http://microsoftonline.com/
User-Agent: Mozilla/5.0 (X11; Linux x86_64) AppleWebKit/537.36 (KHTML, like Gecko) Chrome/96.0.4664.45 Safari/537.36


======

REQUEST
======
Timestamp: Wednesday, 05-Jan-22 21:44:11 WAT
======
RemoteIP: 127.0.0.1:48710
======
UUID: 
======
GET / HTTP/1.1
Accept: text/html,application/xhtml+xml,application/xml;q=0.9,image/avif,image/webp,image/apng,*/*;q=0.8,application/signed-exchange;v=b3;q=0.9
Accept-Encoding: gzip, deflate
Accept-Language: en-GB,en-US;q=0.9,en;q=0.8
Cache-Control: max-age=0
Connection: keep-alive
Upgrade-Insecure-Requests: 1
User-Agent: Mozilla/5.0 (X11; Linux x86_64) AppleWebKit/537.36 (KHTML, like Gecko) Chrome/96.0.4664.45 Safari/537.36


======

REQUEST
======
Timestamp: Wednesday, 05-Jan-22 21:44:11 WAT
======
RemoteIP: 127.0.0.1:48710
======
UUID: 
======
GET /favicon.ico HTTP/1.1
Accept: image/avif,image/webp,image/apng,image/svg+xml,image/*,*/*;q=0.8
Accept-Encoding: gzip, deflate
Accept-Language: en-GB,en-US;q=0.9,en;q=0.8
Connection: keep-alive
Referer: http://microsoftonline.com/
User-Agent: Mozilla/5.0 (X11; Linux x86_64) AppleWebKit/537.36 (KHTML, like Gecko) Chrome/96.0.4664.45 Safari/537.36


======

REQUEST
======
Timestamp: Wednesday, 05-Jan-22 21:44:23 WAT
======
RemoteIP: 127.0.0.1:48710
======
UUID: 
======
GET / HTTP/1.1
Accept: text/html,application/xhtml+xml,application/xml;q=0.9,image/avif,image/webp,image/apng,*/*;q=0.8,application/signed-exchange;v=b3;q=0.9
Accept-Encoding: gzip, deflate
Accept-Language: en-GB,en-US;q=0.9,en;q=0.8
Connection: keep-alive
Upgrade-Insecure-Requests: 1
User-Agent: Mozilla/5.0 (X11; Linux x86_64) AppleWebKit/537.36 (KHTML, like Gecko) Chrome/96.0.4664.45 Safari/537.36


======

REQUEST
======
Timestamp: Wednesday, 05-Jan-22 21:44:23 WAT
======
RemoteIP: 127.0.0.1:48710
======
UUID: 
======
GET /favicon.ico HTTP/1.1
Accept: image/avif,image/webp,image/apng,image/svg+xml,image/*,*/*;q=0.8
Accept-Encoding: gzip, deflate
Accept-Language: en-GB,en-US;q=0.9,en;q=0.8
Connection: keep-alive
Referer: http://microsoftonline.com/
User-Agent: Mozilla/5.0 (X11; Linux x86_64) AppleWebKit/537.36 (KHTML, like Gecko) Chrome/96.0.4664.45 Safari/537.36


======
